Instruction Type Results:
Loads: 736426958 (0.380104)
Stores: 201007862 (0.103749)
NOPs: 83321 (4.30058e-05)
Direct calls: 913 (4.71242e-07)
Indirect calls: 17 (8.77449e-09)
Returns: 930 (4.80016e-07)
Unconditional branches: 169181 (8.73222e-05)
Conditional branches: 41549368 (0.0214456)
Logical operations: 435798 (0.000224936)
Rotate and Shift: 5168287 (0.00266759)
Flag operations: 32 (1.65167e-08)
Vector instructions: 0 (0)
Conditional moves: 0 (0)
MMX and SSE instructions: 0 (0)
System calls: 0 (0)
Floating point instructions: 394808389 (0.203779)
The rest: 557783762 (0.287898)
CPI: 47.8717
Instruction Size Results:
0: 0
1: 34716305
2: 503707635
3: 58912511
4: 82555
5: 412265
6: 400346933
7: 1821778
8: 0
9: 0
10: 18
11: 0
12: 0
13: 0
14: 0
15: 0
16: 0
17: 0
18: 0
19: 0
Memory Instruction Operand Results:
0: 378021297
1: 548828785
2: 73149916
3: 0
4: 0
Memory Instruction Read Operand Results:
0: 68829514
1: 553149187
2: 0
3: 0
4: 0
Memory Instruction Write Operand Results:
0: 479999271
1: 141979430
2: 0
3: 0
4: 0
Instruction Operand Results:
0: 83321
1: 33
2: 317860462
3: 492868494
4: 189186654
5: 992
6: 44
7: 0
8: 0
9: 0
Instruction Register Read Operand Results:
0: 357049
1: 58705672
2: 653894677
3: 270600734
4: 16441752
5: 72
6: 44
7: 0
8: 0
9: 0
Instruction Register Write Operand Results:
0: 68909555
1: 735960299
2: 195129988
3: 158
4: 0
5: 0
6: 0
7: 0
8: 0
9: 0
Instruction Blocks Accesses: 2631
Data Blocks Accesses: 2476189
Maximum number of bytes touched by an instruction: 10
Average number of bytes touched by an instruction: 5.55829
Maximum value of immediate: 2147483647
Minimum value of immediate: -2147483648
Maximum value of displacement used in memory addressing: 135182404
Minimum value of displacement used in memory addressing: -1760
